{"/Users/saksham-vs/backend/index.js": {"path":"/Users/saksham-vs/backend/index.js","statementMap":{"0":{"start":{"line":1,"column":16},"end":{"line":1,"column":34}},"1":{"start":{"line":2,"column":12},"end":{"line":2,"column":21}},"2":{"start":{"line":9,"column":4},"end":{"line":9,"column":40}},"3":{"start":{"line":20,"column":0},"end":{"line":20,"column":24}},"4":{"start":{"line":22,"column":0},"end":{"line":22,"column":29}},"5":{"start":{"line":23,"column":0},"end":{"line":23,"column":28}},"6":{"start":{"line":24,"column":0},"end":{"line":24,"column":30}},"7":{"start":{"line":25,"column":0},"end":{"line":25,"column":35}},"8":{"start":{"line":26,"column":0},"end":{"line":26,"column":32}},"9":{"start":{"line":28,"column":15},"end":{"line":30,"column":2}},"10":{"start":{"line":29,"column":2},"end":{"line":29,"column":43}},"11":{"start":{"line":32,"column":0},"end":{"line":32,"column":24}}},"fnMap":{"0":{"name":"(anonymous_0)","decl":{"start":{"line":28,"column":32},"end":{"line":28,"column":33}},"loc":{"start":{"line":28,"column":38},"end":{"line":30,"column":1}},"line":28}},"branchMap":{},"s":{"0":1,"1":1,"2":1,"3":1,"4":1,"5":1,"6":1,"7":1,"8":1,"9":1,"10":1,"11":1},"f":{"0":1},"b":{},"_coverageSchema":"1a1c01bbd47fc00a2c39e90264f33305004495a9","hash":"68aba34b2b90489cf003f0fd8ed77604453097cc"}
,"/Users/saksham-vs/backend/authentication/auth.js": {"path":"/Users/saksham-vs/backend/authentication/auth.js","statementMap":{"0":{"start":{"line":1,"column":17},"end":{"line":1,"column":48}},"1":{"start":{"line":2,"column":16},"end":{"line":2,"column":34}},"2":{"start":{"line":3,"column":15},"end":{"line":3,"column":31}},"3":{"start":{"line":4,"column":15},"end":{"line":4,"column":32}},"4":{"start":{"line":6,"column":0},"end":{"line":6,"column":32}},"5":{"start":{"line":8,"column":0},"end":{"line":21,"column":3}},"6":{"start":{"line":9,"column":13},"end":{"line":11,"column":4}},"7":{"start":{"line":12,"column":2},"end":{"line":14,"column":3}},"8":{"start":{"line":13,"column":4},"end":{"line":13,"column":49}},"9":{"start":{"line":15,"column":24},"end":{"line":15,"column":78}},"10":{"start":{"line":16,"column":2},"end":{"line":18,"column":3}},"11":{"start":{"line":17,"column":4},"end":{"line":17,"column":61}},"12":{"start":{"line":19,"column":16},"end":{"line":19,"column":40}},"13":{"start":{"line":20,"column":2},"end":{"line":20,"column":18}},"14":{"start":{"line":23,"column":0},"end":{"line":23,"column":24}}},"fnMap":{"0":{"name":"(anonymous_0)","decl":{"start":{"line":8,"column":17},"end":{"line":8,"column":18}},"loc":{"start":{"line":8,"column":37},"end":{"line":21,"column":1}},"line":8}},"branchMap":{"0":{"loc":{"start":{"line":12,"column":2},"end":{"line":14,"column":3}},"type":"if","locations":[{"start":{"line":12,"column":2},"end":{"line":14,"column":3}},{"start":{"line":12,"column":2},"end":{"line":14,"column":3}}],"line":12},"1":{"loc":{"start":{"line":16,"column":2},"end":{"line":18,"column":3}},"type":"if","locations":[{"start":{"line":16,"column":2},"end":{"line":18,"column":3}},{"start":{"line":16,"column":2},"end":{"line":18,"column":3}}],"line":16}},"s":{"0":1,"1":1,"2":1,"3":1,"4":1,"5":1,"6":0,"7":0,"8":0,"9":0,"10":0,"11":0,"12":0,"13":0,"14":1},"f":{"0":0},"b":{"0":[0,0],"1":[0,0]},"_coverageSchema":"1a1c01bbd47fc00a2c39e90264f33305004495a9","hash":"3f34bc0373a663091df08560e57d32e8ac12579d"}
,"/Users/saksham-vs/backend/database/mongoose.js": {"path":"/Users/saksham-vs/backend/database/mongoose.js","statementMap":{"0":{"start":{"line":1,"column":17},"end":{"line":1,"column":36}},"1":{"start":{"line":2,"column":15},"end":{"line":2,"column":32}},"2":{"start":{"line":4,"column":11},"end":{"line":4,"column":27}},"3":{"start":{"line":5,"column":0},"end":{"line":5,"column":16}},"4":{"start":{"line":6,"column":0},"end":{"line":18,"column":5}},"5":{"start":{"line":14,"column":4},"end":{"line":14,"column":41}},"6":{"start":{"line":17,"column":4},"end":{"line":17,"column":49}}},"fnMap":{"0":{"name":"(anonymous_0)","decl":{"start":{"line":13,"column":8},"end":{"line":13,"column":9}},"loc":{"start":{"line":13,"column":14},"end":{"line":15,"column":3}},"line":13},"1":{"name":"(anonymous_1)","decl":{"start":{"line":16,"column":9},"end":{"line":16,"column":10}},"loc":{"start":{"line":16,"column":15},"end":{"line":18,"column":3}},"line":16}},"branchMap":{},"s":{"0":1,"1":1,"2":1,"3":1,"4":1,"5":1,"6":0},"f":{"0":1,"1":0},"b":{},"_coverageSchema":"1a1c01bbd47fc00a2c39e90264f33305004495a9","hash":"38a6d83dc30051841406afa3baa81b247805fd6a"}
,"/Users/saksham-vs/backend/main-file-imports/index.js": {"path":"/Users/saksham-vs/backend/main-file-imports/index.js","statementMap":{"0":{"start":{"line":1,"column":14},"end":{"line":1,"column":58}},"1":{"start":{"line":2,"column":17},"end":{"line":2,"column":66}},"2":{"start":{"line":3,"column":16},"end":{"line":3,"column":62}},"3":{"start":{"line":4,"column":13},"end":{"line":4,"column":46}},"4":{"start":{"line":5,"column":13},"end":{"line":5,"column":55}},"5":{"start":{"line":7,"column":0},"end":{"line":13,"column":2}}},"fnMap":{},"branchMap":{},"s":{"0":1,"1":1,"2":1,"3":1,"4":1,"5":1},"f":{},"b":{},"_coverageSchema":"1a1c01bbd47fc00a2c39e90264f33305004495a9","hash":"459b588c42348d81d86ce5645f4b2fcff86730ba"}
,"/Users/saksham-vs/backend/middleware/admin.js": {"path":"/Users/saksham-vs/backend/middleware/admin.js","statementMap":{"0":{"start":{"line":2,"column":2},"end":{"line":4,"column":3}},"1":{"start":{"line":3,"column":4},"end":{"line":3,"column":49}},"2":{"start":{"line":5,"column":2},"end":{"line":5,"column":9}},"3":{"start":{"line":8,"column":0},"end":{"line":8,"column":23}}},"fnMap":{"0":{"name":"admin","decl":{"start":{"line":1,"column":9},"end":{"line":1,"column":14}},"loc":{"start":{"line":1,"column":31},"end":{"line":6,"column":1}},"line":1}},"branchMap":{"0":{"loc":{"start":{"line":2,"column":2},"end":{"line":4,"column":3}},"type":"if","locations":[{"start":{"line":2,"column":2},"end":{"line":4,"column":3}},{"start":{"line":2,"column":2},"end":{"line":4,"column":3}}],"line":2}},"s":{"0":0,"1":0,"2":0,"3":1},"f":{"0":0},"b":{"0":[0,0]},"_coverageSchema":"1a1c01bbd47fc00a2c39e90264f33305004495a9","hash":"3126e326370ec780b50e9401dc6b0e806d6dc2db"}
,"/Users/saksham-vs/backend/middleware/asyncMiddleware.js": {"path":"/Users/saksham-vs/backend/middleware/asyncMiddleware.js","statementMap":{"0":{"start":{"line":2,"column":2},"end":{"line":11,"column":4}},"1":{"start":{"line":3,"column":4},"end":{"line":3,"column":25}},"2":{"start":{"line":4,"column":4},"end":{"line":10,"column":5}},"3":{"start":{"line":5,"column":6},"end":{"line":5,"column":29}},"4":{"start":{"line":7,"column":6},"end":{"line":7,"column":42}},"5":{"start":{"line":8,"column":6},"end":{"line":8,"column":37}},"6":{"start":{"line":9,"column":6},"end":{"line":9,"column":18}},"7":{"start":{"line":13,"column":0},"end":{"line":13,"column":33}}},"fnMap":{"0":{"name":"asyncMiddleware","decl":{"start":{"line":1,"column":9},"end":{"line":1,"column":24}},"loc":{"start":{"line":1,"column":33},"end":{"line":12,"column":1}},"line":1},"1":{"name":"(anonymous_1)","decl":{"start":{"line":2,"column":9},"end":{"line":2,"column":10}},"loc":{"start":{"line":2,"column":35},"end":{"line":11,"column":3}},"line":2}},"branchMap":{},"s":{"0":20,"1":0,"2":0,"3":0,"4":0,"5":0,"6":0,"7":1},"f":{"0":20,"1":0},"b":{},"_coverageSchema":"1a1c01bbd47fc00a2c39e90264f33305004495a9","hash":"90630677acab5fb51fcce9f8f9093221bd76df3f"}
,"/Users/saksham-vs/backend/middleware/auth.js": {"path":"/Users/saksham-vs/backend/middleware/auth.js","statementMap":{"0":{"start":{"line":1,"column":12},"end":{"line":1,"column":35}},"1":{"start":{"line":2,"column":15},"end":{"line":2,"column":32}},"2":{"start":{"line":5,"column":16},"end":{"line":5,"column":42}},"3":{"start":{"line":6,"column":2},"end":{"line":8,"column":3}},"4":{"start":{"line":7,"column":4},"end":{"line":7,"column":48}},"5":{"start":{"line":9,"column":2},"end":{"line":15,"column":3}},"6":{"start":{"line":10,"column":20},"end":{"line":10,"column":66}},"7":{"start":{"line":11,"column":4},"end":{"line":11,"column":23}},"8":{"start":{"line":12,"column":4},"end":{"line":12,"column":11}},"9":{"start":{"line":14,"column":4},"end":{"line":14,"column":42}},"10":{"start":{"line":18,"column":0},"end":{"line":18,"column":22}}},"fnMap":{"0":{"name":"auth","decl":{"start":{"line":4,"column":9},"end":{"line":4,"column":13}},"loc":{"start":{"line":4,"column":30},"end":{"line":16,"column":1}},"line":4}},"branchMap":{"0":{"loc":{"start":{"line":6,"column":2},"end":{"line":8,"column":3}},"type":"if","locations":[{"start":{"line":6,"column":2},"end":{"line":8,"column":3}},{"start":{"line":6,"column":2},"end":{"line":8,"column":3}}],"line":6}},"s":{"0":1,"1":1,"2":1,"3":1,"4":1,"5":0,"6":0,"7":0,"8":0,"9":0,"10":1},"f":{"0":1},"b":{"0":[1,0]},"_coverageSchema":"1a1c01bbd47fc00a2c39e90264f33305004495a9","hash":"9ce2949ccf8eda0be8ab6dafb20bf69fa8a91a1b"}
,"/Users/saksham-vs/backend/middleware/dateMiddleWare.js": {"path":"/Users/saksham-vs/backend/middleware/dateMiddleWare.js","statementMap":{"0":{"start":{"line":2,"column":15},"end":{"line":2,"column":25}},"1":{"start":{"line":3,"column":22},"end":{"line":7,"column":50}},"2":{"start":{"line":8,"column":2},"end":{"line":8,"column":32}},"3":{"start":{"line":9,"column":2},"end":{"line":9,"column":9}},"4":{"start":{"line":12,"column":0},"end":{"line":12,"column":29}}},"fnMap":{"0":{"name":"currentDate","decl":{"start":{"line":1,"column":9},"end":{"line":1,"column":20}},"loc":{"start":{"line":1,"column":37},"end":{"line":10,"column":1}},"line":1}},"branchMap":{},"s":{"0":0,"1":0,"2":0,"3":0,"4":1},"f":{"0":0},"b":{},"_coverageSchema":"1a1c01bbd47fc00a2c39e90264f33305004495a9","hash":"17bb3a479380e92a8be69af3831673fa996bfd3d"}
,"/Users/saksham-vs/backend/models/customer/customers.js": {"path":"/Users/saksham-vs/backend/models/customer/customers.js","statementMap":{"0":{"start":{"line":1,"column":17},"end":{"line":1,"column":36}},"1":{"start":{"line":2,"column":12},"end":{"line":2,"column":26}},"2":{"start":{"line":3,"column":17},"end":{"line":24,"column":1}},"3":{"start":{"line":26,"column":25},"end":{"line":35,"column":1}},"4":{"start":{"line":27,"column":2},"end":{"line":27,"column":36}},"5":{"start":{"line":28,"column":17},"end":{"line":32,"column":3}},"6":{"start":{"line":33,"column":2},"end":{"line":33,"column":60}},"7":{"start":{"line":34,"column":2},"end":{"line":34,"column":40}},"8":{"start":{"line":37,"column":0},"end":{"line":37,"column":35}},"9":{"start":{"line":38,"column":0},"end":{"line":38,"column":51}}},"fnMap":{"0":{"name":"(anonymous_0)","decl":{"start":{"line":26,"column":25},"end":{"line":26,"column":26}},"loc":{"start":{"line":26,"column":39},"end":{"line":35,"column":1}},"line":26}},"branchMap":{},"s":{"0":1,"1":1,"2":1,"3":1,"4":0,"5":0,"6":0,"7":0,"8":1,"9":1},"f":{"0":0},"b":{},"_coverageSchema":"1a1c01bbd47fc00a2c39e90264f33305004495a9","hash":"339dc036fef9fff994ff6cb1863664231babd92a"}
,"/Users/saksham-vs/backend/models/movie/movies.js": {"path":"/Users/saksham-vs/backend/models/movie/movies.js","statementMap":{"0":{"start":{"line":1,"column":17},"end":{"line":1,"column":36}},"1":{"start":{"line":2,"column":12},"end":{"line":2,"column":26}},"2":{"start":{"line":3,"column":14},"end":{"line":19,"column":1}},"3":{"start":{"line":21,"column":22},"end":{"line":28,"column":1}},"4":{"start":{"line":22,"column":17},"end":{"line":26,"column":3}},"5":{"start":{"line":27,"column":2},"end":{"line":27,"column":37}},"6":{"start":{"line":30,"column":0},"end":{"line":30,"column":29}},"7":{"start":{"line":31,"column":0},"end":{"line":31,"column":45}}},"fnMap":{"0":{"name":"(anonymous_0)","decl":{"start":{"line":21,"column":22},"end":{"line":21,"column":23}},"loc":{"start":{"line":21,"column":33},"end":{"line":28,"column":1}},"line":21}},"branchMap":{},"s":{"0":1,"1":1,"2":1,"3":1,"4":0,"5":0,"6":1,"7":1},"f":{"0":0},"b":{},"_coverageSchema":"1a1c01bbd47fc00a2c39e90264f33305004495a9","hash":"b864692d784bcf114c89a2586738f195c7ef8041"}
,"/Users/saksham-vs/backend/models/rental/rentals.js": {"path":"/Users/saksham-vs/backend/models/rental/rentals.js","statementMap":{"0":{"start":{"line":1,"column":17},"end":{"line":1,"column":36}},"1":{"start":{"line":2,"column":12},"end":{"line":2,"column":26}},"2":{"start":{"line":3,"column":16},"end":{"line":26,"column":1}},"3":{"start":{"line":28,"column":24},"end":{"line":33,"column":1}},"4":{"start":{"line":29,"column":17},"end":{"line":31,"column":3}},"5":{"start":{"line":32,"column":2},"end":{"line":32,"column":38}},"6":{"start":{"line":35,"column":0},"end":{"line":35,"column":33}},"7":{"start":{"line":36,"column":0},"end":{"line":36,"column":49}}},"fnMap":{"0":{"name":"(anonymous_0)","decl":{"start":{"line":28,"column":24},"end":{"line":28,"column":25}},"loc":{"start":{"line":28,"column":36},"end":{"line":33,"column":1}},"line":28}},"branchMap":{},"s":{"0":1,"1":1,"2":1,"3":1,"4":0,"5":0,"6":1,"7":1},"f":{"0":0},"b":{},"_coverageSchema":"1a1c01bbd47fc00a2c39e90264f33305004495a9","hash":"3f5c017203f862d87936c2a0d6ef486ecd3b4070"}
,"/Users/saksham-vs/backend/models/user/users.js": {"path":"/Users/saksham-vs/backend/models/user/users.js","statementMap":{"0":{"start":{"line":1,"column":17},"end":{"line":1,"column":36}},"1":{"start":{"line":2,"column":12},"end":{"line":2,"column":26}},"2":{"start":{"line":3,"column":12},"end":{"line":3,"column":35}},"3":{"start":{"line":4,"column":15},"end":{"line":4,"column":32}},"4":{"start":{"line":5,"column":19},"end":{"line":26,"column":2}},"5":{"start":{"line":28,"column":0},"end":{"line":34,"column":2}},"6":{"start":{"line":29,"column":16},"end":{"line":32,"column":3}},"7":{"start":{"line":33,"column":2},"end":{"line":33,"column":15}},"8":{"start":{"line":35,"column":13},"end":{"line":35,"column":47}},"9":{"start":{"line":37,"column":21},"end":{"line":45,"column":1}},"10":{"start":{"line":38,"column":17},"end":{"line":43,"column":3}},"11":{"start":{"line":44,"column":2},"end":{"line":44,"column":36}},"12":{"start":{"line":47,"column":0},"end":{"line":47,"column":27}},"13":{"start":{"line":48,"column":0},"end":{"line":48,"column":43}}},"fnMap":{"0":{"name":"(anonymous_0)","decl":{"start":{"line":28,"column":39},"end":{"line":28,"column":40}},"loc":{"start":{"line":28,"column":51},"end":{"line":34,"column":1}},"line":28},"1":{"name":"(anonymous_1)","decl":{"start":{"line":37,"column":21},"end":{"line":37,"column":22}},"loc":{"start":{"line":37,"column":31},"end":{"line":45,"column":1}},"line":37}},"branchMap":{},"s":{"0":1,"1":1,"2":1,"3":1,"4":1,"5":1,"6":0,"7":0,"8":1,"9":1,"10":0,"11":0,"12":1,"13":1},"f":{"0":0,"1":0},"b":{},"_coverageSchema":"1a1c01bbd47fc00a2c39e90264f33305004495a9","hash":"a6a6a1077054b40f42b3290803e2c12719c0a92b"}
,"/Users/saksham-vs/backend/routes/customerRoutes/customerRoute.js": {"path":"/Users/saksham-vs/backend/routes/customerRoutes/customerRoute.js","statementMap":{"0":{"start":{"line":4,"column":4},"end":{"line":4,"column":46}},"1":{"start":{"line":5,"column":18},"end":{"line":5,"column":54}},"2":{"start":{"line":6,"column":20},"end":{"line":6,"column":58}},"3":{"start":{"line":7,"column":16},"end":{"line":7,"column":34}},"4":{"start":{"line":8,"column":10},"end":{"line":8,"column":27}},"5":{"start":{"line":9,"column":15},"end":{"line":9,"column":31}},"6":{"start":{"line":10,"column":24},"end":{"line":10,"column":67}},"7":{"start":{"line":11,"column":13},"end":{"line":11,"column":45}},"8":{"start":{"line":12,"column":14},"end":{"line":12,"column":47}},"9":{"start":{"line":13,"column":20},"end":{"line":13,"column":62}},"10":{"start":{"line":14,"column":22},"end":{"line":14,"column":54}},"11":{"start":{"line":15,"column":0},"end":{"line":22,"column":2}},"12":{"start":{"line":19,"column":21},"end":{"line":19,"column":55}},"13":{"start":{"line":20,"column":4},"end":{"line":20,"column":23}},"14":{"start":{"line":24,"column":0},"end":{"line":61,"column":2}},"15":{"start":{"line":28,"column":32},"end":{"line":28,"column":58}},"16":{"start":{"line":29,"column":4},"end":{"line":31,"column":5}},"17":{"start":{"line":30,"column":6},"end":{"line":30,"column":73}},"18":{"start":{"line":32,"column":21},"end":{"line":34,"column":5}},"19":{"start":{"line":35,"column":18},"end":{"line":37,"column":6}},"20":{"start":{"line":38,"column":4},"end":{"line":56,"column":5}},"21":{"start":{"line":39,"column":23},"end":{"line":39,"column":46}},"22":{"start":{"line":40,"column":6},"end":{"line":46,"column":8}},"23":{"start":{"line":47,"column":21},"end":{"line":54,"column":8}},"24":{"start":{"line":55,"column":6},"end":{"line":55,"column":26}},"25":{"start":{"line":57,"column":4},"end":{"line":57,"column":26}},"26":{"start":{"line":58,"column":4},"end":{"line":58,"column":23}},"27":{"start":{"line":59,"column":4},"end":{"line":59,"column":59}},"28":{"start":{"line":63,"column":0},"end":{"line":120,"column":2}},"29":{"start":{"line":68,"column":21},"end":{"line":71,"column":6}},"30":{"start":{"line":72,"column":4},"end":{"line":114,"column":5}},"31":{"start":{"line":74,"column":20},"end":{"line":76,"column":8}},"32":{"start":{"line":77,"column":6},"end":{"line":113,"column":7}},"33":{"start":{"line":80,"column":25},"end":{"line":80,"column":48}},"34":{"start":{"line":81,"column":8},"end":{"line":87,"column":10}},"35":{"start":{"line":89,"column":34},"end":{"line":92,"column":10}},"36":{"start":{"line":93,"column":30},"end":{"line":93,"column":55}},"37":{"start":{"line":94,"column":28},"end":{"line":94,"column":43}},"38":{"start":{"line":96,"column":32},"end":{"line":96,"column":73}},"39":{"start":{"line":97,"column":26},"end":{"line":97,"column":65}},"40":{"start":{"line":98,"column":8},"end":{"line":98,"column":64}},"41":{"start":{"line":99,"column":8},"end":{"line":112,"column":10}},"42":{"start":{"line":116,"column":4},"end":{"line":118,"column":6}},"43":{"start":{"line":122,"column":0},"end":{"line":134,"column":2}},"44":{"start":{"line":126,"column":21},"end":{"line":131,"column":6}},"45":{"start":{"line":132,"column":4},"end":{"line":132,"column":35}},"46":{"start":{"line":136,"column":0},"end":{"line":145,"column":2}},"47":{"start":{"line":140,"column":17},"end":{"line":142,"column":6}},"48":{"start":{"line":143,"column":4},"end":{"line":143,"column":31}},"49":{"start":{"line":147,"column":0},"end":{"line":164,"column":2}},"50":{"start":{"line":151,"column":34},"end":{"line":161,"column":5}},"51":{"start":{"line":162,"column":4},"end":{"line":162,"column":39}},"52":{"start":{"line":166,"column":0},"end":{"line":174,"column":2}},"53":{"start":{"line":170,"column":4},"end":{"line":172,"column":7}},"54":{"start":{"line":176,"column":0},"end":{"line":176,"column":24}}},"fnMap":{"0":{"name":"(anonymous_0)","decl":{"start":{"line":18,"column":18},"end":{"line":18,"column":19}},"loc":{"start":{"line":18,"column":38},"end":{"line":21,"column":3}},"line":18},"1":{"name":"(anonymous_1)","decl":{"start":{"line":27,"column":18},"end":{"line":27,"column":19}},"loc":{"start":{"line":27,"column":38},"end":{"line":60,"column":3}},"line":27},"2":{"name":"(anonymous_2)","decl":{"start":{"line":66,"column":18},"end":{"line":66,"column":19}},"loc":{"start":{"line":66,"column":38},"end":{"line":119,"column":3}},"line":66},"3":{"name":"(anonymous_3)","decl":{"start":{"line":125,"column":18},"end":{"line":125,"column":19}},"loc":{"start":{"line":125,"column":38},"end":{"line":133,"column":3}},"line":125},"4":{"name":"(anonymous_4)","decl":{"start":{"line":139,"column":18},"end":{"line":139,"column":19}},"loc":{"start":{"line":139,"column":38},"end":{"line":144,"column":3}},"line":139},"5":{"name":"(anonymous_5)","decl":{"start":{"line":150,"column":18},"end":{"line":150,"column":19}},"loc":{"start":{"line":150,"column":38},"end":{"line":163,"column":3}},"line":150},"6":{"name":"(anonymous_6)","decl":{"start":{"line":169,"column":18},"end":{"line":169,"column":19}},"loc":{"start":{"line":169,"column":38},"end":{"line":173,"column":3}},"line":169}},"branchMap":{"0":{"loc":{"start":{"line":29,"column":4},"end":{"line":31,"column":5}},"type":"if","locations":[{"start":{"line":29,"column":4},"end":{"line":31,"column":5}},{"start":{"line":29,"column":4},"end":{"line":31,"column":5}}],"line":29},"1":{"loc":{"start":{"line":38,"column":4},"end":{"line":56,"column":5}},"type":"if","locations":[{"start":{"line":38,"column":4},"end":{"line":56,"column":5}},{"start":{"line":38,"column":4},"end":{"line":56,"column":5}}],"line":38},"2":{"loc":{"start":{"line":72,"column":4},"end":{"line":114,"column":5}},"type":"if","locations":[{"start":{"line":72,"column":4},"end":{"line":114,"column":5}},{"start":{"line":72,"column":4},"end":{"line":114,"column":5}}],"line":72},"3":{"loc":{"start":{"line":77,"column":6},"end":{"line":113,"column":7}},"type":"if","locations":[{"start":{"line":77,"column":6},"end":{"line":113,"column":7}},{"start":{"line":77,"column":6},"end":{"line":113,"column":7}}],"line":77}},"s":{"0":1,"1":1,"2":1,"3":1,"4":1,"5":1,"6":1,"7":1,"8":1,"9":1,"10":1,"11":1,"12":0,"13":0,"14":1,"15":0,"16":0,"17":0,"18":0,"19":0,"20":0,"21":0,"22":0,"23":0,"24":0,"25":0,"26":0,"27":0,"28":1,"29":0,"30":0,"31":0,"32":0,"33":0,"34":0,"35":0,"36":0,"37":0,"38":0,"39":0,"40":0,"41":0,"42":0,"43":1,"44":0,"45":0,"46":1,"47":0,"48":0,"49":1,"50":0,"51":0,"52":1,"53":0,"54":1},"f":{"0":0,"1":0,"2":0,"3":0,"4":0,"5":0,"6":0},"b":{"0":[0,0],"1":[0,0],"2":[0,0],"3":[0,0]},"_coverageSchema":"1a1c01bbd47fc00a2c39e90264f33305004495a9","hash":"d943a6bf22182c345d976bbbe732ccd645fa402b"}
,"/Users/saksham-vs/backend/routes/movieRoutes/movieRoutes.js": {"path":"/Users/saksham-vs/backend/routes/movieRoutes/movieRoutes.js","statementMap":{"0":{"start":{"line":1,"column":33},"end":{"line":1,"column":69}},"1":{"start":{"line":2,"column":16},"end":{"line":2,"column":34}},"2":{"start":{"line":3,"column":10},"end":{"line":3,"column":27}},"3":{"start":{"line":4,"column":15},"end":{"line":4,"column":31}},"4":{"start":{"line":5,"column":24},"end":{"line":5,"column":67}},"5":{"start":{"line":6,"column":13},"end":{"line":6,"column":45}},"6":{"start":{"line":7,"column":14},"end":{"line":7,"column":47}},"7":{"start":{"line":9,"column":0},"end":{"line":16,"column":2}},"8":{"start":{"line":13,"column":18},"end":{"line":13,"column":49}},"9":{"start":{"line":14,"column":4},"end":{"line":14,"column":20}},"10":{"start":{"line":18,"column":0},"end":{"line":46,"column":2}},"11":{"start":{"line":22,"column":29},"end":{"line":22,"column":52}},"12":{"start":{"line":24,"column":4},"end":{"line":26,"column":5}},"13":{"start":{"line":25,"column":6},"end":{"line":25,"column":77}},"14":{"start":{"line":28,"column":16},"end":{"line":30,"column":6}},"15":{"start":{"line":31,"column":4},"end":{"line":31,"column":23}},"16":{"start":{"line":33,"column":4},"end":{"line":35,"column":5}},"17":{"start":{"line":34,"column":6},"end":{"line":34,"column":57}},"18":{"start":{"line":37,"column":4},"end":{"line":39,"column":6}},"19":{"start":{"line":41,"column":4},"end":{"line":41,"column":26}},"20":{"start":{"line":43,"column":4},"end":{"line":43,"column":23}},"21":{"start":{"line":44,"column":4},"end":{"line":44,"column":74}},"22":{"start":{"line":48,"column":0},"end":{"line":59,"column":2}},"23":{"start":{"line":52,"column":28},"end":{"line":54,"column":6}},"24":{"start":{"line":55,"column":4},"end":{"line":55,"column":36}},"25":{"start":{"line":57,"column":4},"end":{"line":57,"column":42}},"26":{"start":{"line":61,"column":0},"end":{"line":82,"column":2}},"27":{"start":{"line":65,"column":31},"end":{"line":79,"column":5}},"28":{"start":{"line":80,"column":4},"end":{"line":80,"column":33}},"29":{"start":{"line":84,"column":0},"end":{"line":94,"column":2}},"30":{"start":{"line":88,"column":4},"end":{"line":90,"column":7}},"31":{"start":{"line":92,"column":4},"end":{"line":92,"column":49}},"32":{"start":{"line":96,"column":0},"end":{"line":96,"column":24}}},"fnMap":{"0":{"name":"(anonymous_0)","decl":{"start":{"line":12,"column":18},"end":{"line":12,"column":19}},"loc":{"start":{"line":12,"column":38},"end":{"line":15,"column":3}},"line":12},"1":{"name":"(anonymous_1)","decl":{"start":{"line":21,"column":18},"end":{"line":21,"column":19}},"loc":{"start":{"line":21,"column":38},"end":{"line":45,"column":3}},"line":21},"2":{"name":"(anonymous_2)","decl":{"start":{"line":51,"column":18},"end":{"line":51,"column":19}},"loc":{"start":{"line":51,"column":38},"end":{"line":58,"column":3}},"line":51},"3":{"name":"(anonymous_3)","decl":{"start":{"line":64,"column":18},"end":{"line":64,"column":19}},"loc":{"start":{"line":64,"column":38},"end":{"line":81,"column":3}},"line":64},"4":{"name":"(anonymous_4)","decl":{"start":{"line":87,"column":18},"end":{"line":87,"column":19}},"loc":{"start":{"line":87,"column":38},"end":{"line":93,"column":3}},"line":87}},"branchMap":{"0":{"loc":{"start":{"line":24,"column":4},"end":{"line":26,"column":5}},"type":"if","locations":[{"start":{"line":24,"column":4},"end":{"line":26,"column":5}},{"start":{"line":24,"column":4},"end":{"line":26,"column":5}}],"line":24},"1":{"loc":{"start":{"line":33,"column":4},"end":{"line":35,"column":5}},"type":"if","locations":[{"start":{"line":33,"column":4},"end":{"line":35,"column":5}},{"start":{"line":33,"column":4},"end":{"line":35,"column":5}}],"line":33}},"s":{"0":1,"1":1,"2":1,"3":1,"4":1,"5":1,"6":1,"7":1,"8":0,"9":0,"10":1,"11":0,"12":0,"13":0,"14":0,"15":0,"16":0,"17":0,"18":0,"19":0,"20":0,"21":0,"22":1,"23":0,"24":0,"25":0,"26":1,"27":0,"28":0,"29":1,"30":0,"31":0,"32":1},"f":{"0":0,"1":0,"2":0,"3":0,"4":0},"b":{"0":[0,0],"1":[0,0]},"_coverageSchema":"1a1c01bbd47fc00a2c39e90264f33305004495a9","hash":"fde8ae674763a3fc783fb7f470964ccfb7c68f2b"}
,"/Users/saksham-vs/backend/routes/rentalRoutes/rentalRoutes.js": {"path":"/Users/saksham-vs/backend/routes/rentalRoutes/rentalRoutes.js","statementMap":{"0":{"start":{"line":1,"column":16},"end":{"line":1,"column":34}},"1":{"start":{"line":2,"column":10},"end":{"line":2,"column":27}},"2":{"start":{"line":3,"column":15},"end":{"line":3,"column":31}},"3":{"start":{"line":4,"column":20},"end":{"line":4,"column":58}},"4":{"start":{"line":5,"column":24},"end":{"line":5,"column":67}},"5":{"start":{"line":6,"column":13},"end":{"line":6,"column":45}},"6":{"start":{"line":7,"column":14},"end":{"line":7,"column":47}},"7":{"start":{"line":9,"column":0},"end":{"line":16,"column":2}},"8":{"start":{"line":13,"column":19},"end":{"line":13,"column":55}},"9":{"start":{"line":14,"column":4},"end":{"line":14,"column":21}},"10":{"start":{"line":17,"column":0},"end":{"line":29,"column":2}},"11":{"start":{"line":21,"column":20},"end":{"line":26,"column":6}},"12":{"start":{"line":27,"column":4},"end":{"line":27,"column":34}},"13":{"start":{"line":30,"column":0},"end":{"line":42,"column":2}},"14":{"start":{"line":34,"column":4},"end":{"line":34,"column":28}},"15":{"start":{"line":35,"column":20},"end":{"line":38,"column":6}},"16":{"start":{"line":39,"column":4},"end":{"line":39,"column":25}},"17":{"start":{"line":40,"column":4},"end":{"line":40,"column":34}},"18":{"start":{"line":44,"column":0},"end":{"line":53,"column":2}},"19":{"start":{"line":48,"column":4},"end":{"line":50,"column":7}},"20":{"start":{"line":51,"column":4},"end":{"line":51,"column":36}},"21":{"start":{"line":54,"column":0},"end":{"line":54,"column":24}}},"fnMap":{"0":{"name":"(anonymous_0)","decl":{"start":{"line":12,"column":18},"end":{"line":12,"column":19}},"loc":{"start":{"line":12,"column":38},"end":{"line":15,"column":3}},"line":12},"1":{"name":"(anonymous_1)","decl":{"start":{"line":20,"column":18},"end":{"line":20,"column":19}},"loc":{"start":{"line":20,"column":38},"end":{"line":28,"column":3}},"line":20},"2":{"name":"(anonymous_2)","decl":{"start":{"line":33,"column":18},"end":{"line":33,"column":19}},"loc":{"start":{"line":33,"column":38},"end":{"line":41,"column":3}},"line":33},"3":{"name":"(anonymous_3)","decl":{"start":{"line":47,"column":18},"end":{"line":47,"column":19}},"loc":{"start":{"line":47,"column":38},"end":{"line":52,"column":3}},"line":47}},"branchMap":{},"s":{"0":1,"1":1,"2":1,"3":1,"4":1,"5":1,"6":1,"7":1,"8":0,"9":0,"10":1,"11":0,"12":0,"13":1,"14":0,"15":0,"16":0,"17":0,"18":1,"19":0,"20":0,"21":1},"f":{"0":0,"1":0,"2":0,"3":0},"b":{},"_coverageSchema":"1a1c01bbd47fc00a2c39e90264f33305004495a9","hash":"91fe23b9997a4f6dd94e2d07c6160743baedc5a8"}
,"/Users/saksham-vs/backend/routes/userRoutes/userRoutes.js": {"path":"/Users/saksham-vs/backend/routes/userRoutes/userRoutes.js","statementMap":{"0":{"start":{"line":1,"column":31},"end":{"line":1,"column":65}},"1":{"start":{"line":2,"column":16},"end":{"line":2,"column":34}},"2":{"start":{"line":3,"column":15},"end":{"line":3,"column":31}},"3":{"start":{"line":4,"column":15},"end":{"line":4,"column":32}},"4":{"start":{"line":5,"column":10},"end":{"line":5,"column":27}},"5":{"start":{"line":6,"column":0},"end":{"line":6,"column":35}},"6":{"start":{"line":7,"column":13},"end":{"line":7,"column":45}},"7":{"start":{"line":8,"column":24},"end":{"line":8,"column":67}},"8":{"start":{"line":9,"column":14},"end":{"line":9,"column":47}},"9":{"start":{"line":11,"column":0},"end":{"line":38,"column":2}},"10":{"start":{"line":15,"column":28},"end":{"line":15,"column":50}},"11":{"start":{"line":16,"column":4},"end":{"line":18,"column":5}},"12":{"start":{"line":17,"column":6},"end":{"line":17,"column":76}},"13":{"start":{"line":20,"column":15},"end":{"line":22,"column":6}},"14":{"start":{"line":24,"column":4},"end":{"line":26,"column":5}},"15":{"start":{"line":25,"column":6},"end":{"line":25,"column":56}},"16":{"start":{"line":27,"column":4},"end":{"line":27,"column":80}},"17":{"start":{"line":28,"column":17},"end":{"line":28,"column":41}},"18":{"start":{"line":29,"column":4},"end":{"line":29,"column":59}},"19":{"start":{"line":30,"column":4},"end":{"line":30,"column":22}},"20":{"start":{"line":32,"column":18},"end":{"line":32,"column":48}},"21":{"start":{"line":33,"column":4},"end":{"line":33,"column":23}},"22":{"start":{"line":34,"column":4},"end":{"line":36,"column":75}},"23":{"start":{"line":40,"column":0},"end":{"line":47,"column":2}},"24":{"start":{"line":44,"column":18},"end":{"line":44,"column":57}},"25":{"start":{"line":45,"column":4},"end":{"line":45,"column":20}},"26":{"start":{"line":48,"column":0},"end":{"line":57,"column":2}},"27":{"start":{"line":52,"column":17},"end":{"line":54,"column":26}},"28":{"start":{"line":55,"column":4},"end":{"line":55,"column":38}},"29":{"start":{"line":58,"column":0},"end":{"line":67,"column":2}},"30":{"start":{"line":62,"column":4},"end":{"line":64,"column":7}},"31":{"start":{"line":65,"column":4},"end":{"line":65,"column":36}},"32":{"start":{"line":69,"column":0},"end":{"line":69,"column":24}}},"fnMap":{"0":{"name":"(anonymous_0)","decl":{"start":{"line":13,"column":18},"end":{"line":13,"column":19}},"loc":{"start":{"line":13,"column":38},"end":{"line":37,"column":3}},"line":13},"1":{"name":"(anonymous_1)","decl":{"start":{"line":43,"column":18},"end":{"line":43,"column":19}},"loc":{"start":{"line":43,"column":38},"end":{"line":46,"column":3}},"line":43},"2":{"name":"(anonymous_2)","decl":{"start":{"line":51,"column":18},"end":{"line":51,"column":19}},"loc":{"start":{"line":51,"column":38},"end":{"line":56,"column":3}},"line":51},"3":{"name":"(anonymous_3)","decl":{"start":{"line":61,"column":18},"end":{"line":61,"column":19}},"loc":{"start":{"line":61,"column":38},"end":{"line":66,"column":3}},"line":61}},"branchMap":{"0":{"loc":{"start":{"line":16,"column":4},"end":{"line":18,"column":5}},"type":"if","locations":[{"start":{"line":16,"column":4},"end":{"line":18,"column":5}},{"start":{"line":16,"column":4},"end":{"line":18,"column":5}}],"line":16},"1":{"loc":{"start":{"line":24,"column":4},"end":{"line":26,"column":5}},"type":"if","locations":[{"start":{"line":24,"column":4},"end":{"line":26,"column":5}},{"start":{"line":24,"column":4},"end":{"line":26,"column":5}}],"line":24}},"s":{"0":1,"1":1,"2":1,"3":1,"4":1,"5":1,"6":1,"7":1,"8":1,"9":1,"10":0,"11":0,"12":0,"13":0,"14":0,"15":0,"16":0,"17":0,"18":0,"19":0,"20":0,"21":0,"22":0,"23":1,"24":0,"25":0,"26":1,"27":0,"28":0,"29":1,"30":0,"31":0,"32":1},"f":{"0":0,"1":0,"2":0,"3":0},"b":{"0":[0,0],"1":[0,0]},"_coverageSchema":"1a1c01bbd47fc00a2c39e90264f33305004495a9","hash":"2e84259b48311205a9f1f8bbefaa841a0b305e3c"}
,"/Users/saksham-vs/backend/utils/rentDates.js": {"path":"/Users/saksham-vs/backend/utils/rentDates.js","statementMap":{"0":{"start":{"line":3,"column":2},"end":{"line":3,"column":28}},"1":{"start":{"line":4,"column":2},"end":{"line":4,"column":27}},"2":{"start":{"line":5,"column":2},"end":{"line":5,"column":27}},"3":{"start":{"line":8,"column":2},"end":{"line":8,"column":49}},"4":{"start":{"line":9,"column":2},"end":{"line":9,"column":49}},"5":{"start":{"line":12,"column":25},"end":{"line":12,"column":57}},"6":{"start":{"line":13,"column":25},"end":{"line":13,"column":57}},"7":{"start":{"line":15,"column":25},"end":{"line":15,"column":56}},"8":{"start":{"line":18,"column":32},"end":{"line":18,"column":56}},"9":{"start":{"line":21,"column":31},"end":{"line":21,"column":57}},"10":{"start":{"line":23,"column":2},"end":{"line":23,"column":30}},"11":{"start":{"line":26,"column":0},"end":{"line":26,"column":31}}},"fnMap":{"0":{"name":"calculateDays","decl":{"start":{"line":1,"column":9},"end":{"line":1,"column":22}},"loc":{"start":{"line":1,"column":37},"end":{"line":24,"column":1}},"line":1}},"branchMap":{},"s":{"0":0,"1":0,"2":0,"3":0,"4":0,"5":0,"6":0,"7":0,"8":0,"9":0,"10":0,"11":1},"f":{"0":0},"b":{},"_coverageSchema":"1a1c01bbd47fc00a2c39e90264f33305004495a9","hash":"7d403e43a0257673f77c115c0777c42a321e5097"}
}
