TN:
SF:index.js
FN:28,(anonymous_0)
FNF:1
FNH:1
FNDA:1,(anonymous_0)
DA:1,1
DA:2,1
DA:9,1
DA:20,1
DA:22,1
DA:23,1
DA:24,1
DA:25,1
DA:26,1
DA:28,1
DA:29,1
DA:32,1
LF:12
LH:12
BRF:0
BRH:0
end_of_record
TN:
SF:authentication/auth.js
FN:8,(anonymous_0)
FNF:1
FNH:0
FNDA:0,(anonymous_0)
DA:1,1
DA:2,1
DA:3,1
DA:4,1
DA:6,1
DA:8,1
DA:9,0
DA:12,0
DA:13,0
DA:15,0
DA:16,0
DA:17,0
DA:19,0
DA:20,0
DA:23,1
LF:15
LH:7
BRDA:12,0,0,0
BRDA:12,0,1,0
BRDA:16,1,0,0
BRDA:16,1,1,0
BRF:4
BRH:0
end_of_record
TN:
SF:database/mongoose.js
FN:13,(anonymous_0)
FN:16,(anonymous_1)
FNF:2
FNH:1
FNDA:1,(anonymous_0)
FNDA:0,(anonymous_1)
DA:1,1
DA:2,1
DA:4,1
DA:5,1
DA:6,1
DA:14,1
DA:17,0
LF:7
LH:6
BRF:0
BRH:0
end_of_record
TN:
SF:main-file-imports/index.js
FNF:0
FNH:0
DA:1,1
DA:2,1
DA:3,1
DA:4,1
DA:5,1
DA:7,1
LF:6
LH:6
BRF:0
BRH:0
end_of_record
TN:
SF:middleware/admin.js
FN:1,admin
FNF:1
FNH:0
FNDA:0,admin
DA:2,0
DA:3,0
DA:5,0
DA:8,1
LF:4
LH:1
BRDA:2,0,0,0
BRDA:2,0,1,0
BRF:2
BRH:0
end_of_record
TN:
SF:middleware/asyncMiddleware.js
FN:1,asyncMiddleware
FN:2,(anonymous_1)
FNF:2
FNH:1
FNDA:20,asyncMiddleware
FNDA:0,(anonymous_1)
DA:2,20
DA:3,0
DA:4,0
DA:5,0
DA:7,0
DA:8,0
DA:9,0
DA:13,1
LF:8
LH:2
BRF:0
BRH:0
end_of_record
TN:
SF:middleware/auth.js
FN:4,auth
FNF:1
FNH:1
FNDA:1,auth
DA:1,1
DA:2,1
DA:5,1
DA:6,1
DA:7,1
DA:9,0
DA:10,0
DA:11,0
DA:12,0
DA:14,0
DA:18,1
LF:11
LH:6
BRDA:6,0,0,1
BRDA:6,0,1,0
BRF:2
BRH:1
end_of_record
TN:
SF:middleware/dateMiddleWare.js
FN:1,currentDate
FNF:1
FNH:0
FNDA:0,currentDate
DA:2,0
DA:3,0
DA:8,0
DA:9,0
DA:12,1
LF:5
LH:1
BRF:0
BRH:0
end_of_record
TN:
SF:models/customer/customers.js
FN:26,(anonymous_0)
FNF:1
FNH:0
FNDA:0,(anonymous_0)
DA:1,1
DA:2,1
DA:3,1
DA:26,1
DA:27,0
DA:28,0
DA:33,0
DA:34,0
DA:37,1
DA:38,1
LF:10
LH:6
BRF:0
BRH:0
end_of_record
TN:
SF:models/movie/movies.js
FN:21,(anonymous_0)
FNF:1
FNH:0
FNDA:0,(anonymous_0)
DA:1,1
DA:2,1
DA:3,1
DA:21,1
DA:22,0
DA:27,0
DA:30,1
DA:31,1
LF:8
LH:6
BRF:0
BRH:0
end_of_record
TN:
SF:models/rental/rentals.js
FN:28,(anonymous_0)
FNF:1
FNH:0
FNDA:0,(anonymous_0)
DA:1,1
DA:2,1
DA:3,1
DA:28,1
DA:29,0
DA:32,0
DA:35,1
DA:36,1
LF:8
LH:6
BRF:0
BRH:0
end_of_record
TN:
SF:models/user/users.js
FN:28,(anonymous_0)
FN:37,(anonymous_1)
FNF:2
FNH:0
FNDA:0,(anonymous_0)
FNDA:0,(anonymous_1)
DA:1,1
DA:2,1
DA:3,1
DA:4,1
DA:5,1
DA:28,1
DA:29,0
DA:33,0
DA:35,1
DA:37,1
DA:38,0
DA:44,0
DA:47,1
DA:48,1
LF:14
LH:10
BRF:0
BRH:0
end_of_record
TN:
SF:routes/customerRoutes/customerRoute.js
FN:18,(anonymous_0)
FN:27,(anonymous_1)
FN:66,(anonymous_2)
FN:125,(anonymous_3)
FN:139,(anonymous_4)
FN:150,(anonymous_5)
FN:169,(anonymous_6)
FNF:7
FNH:0
FNDA:0,(anonymous_0)
FNDA:0,(anonymous_1)
FNDA:0,(anonymous_2)
FNDA:0,(anonymous_3)
FNDA:0,(anonymous_4)
FNDA:0,(anonymous_5)
FNDA:0,(anonymous_6)
DA:4,1
DA:5,1
DA:6,1
DA:7,1
DA:8,1
DA:9,1
DA:10,1
DA:11,1
DA:12,1
DA:13,1
DA:14,1
DA:15,1
DA:19,0
DA:20,0
DA:24,1
DA:28,0
DA:29,0
DA:30,0
DA:32,0
DA:35,0
DA:38,0
DA:39,0
DA:40,0
DA:47,0
DA:55,0
DA:57,0
DA:58,0
DA:59,0
DA:63,1
DA:68,0
DA:72,0
DA:74,0
DA:77,0
DA:80,0
DA:81,0
DA:89,0
DA:93,0
DA:94,0
DA:96,0
DA:97,0
DA:98,0
DA:99,0
DA:116,0
DA:122,1
DA:126,0
DA:132,0
DA:136,1
DA:140,0
DA:143,0
DA:147,1
DA:151,0
DA:162,0
DA:166,1
DA:170,0
DA:176,1
LF:55
LH:19
BRDA:29,0,0,0
BRDA:29,0,1,0
BRDA:38,1,0,0
BRDA:38,1,1,0
BRDA:72,2,0,0
BRDA:72,2,1,0
BRDA:77,3,0,0
BRDA:77,3,1,0
BRF:8
BRH:0
end_of_record
TN:
SF:routes/movieRoutes/movieRoutes.js
FN:12,(anonymous_0)
FN:21,(anonymous_1)
FN:51,(anonymous_2)
FN:64,(anonymous_3)
FN:87,(anonymous_4)
FNF:5
FNH:0
FNDA:0,(anonymous_0)
FNDA:0,(anonymous_1)
FNDA:0,(anonymous_2)
FNDA:0,(anonymous_3)
FNDA:0,(anonymous_4)
DA:1,1
DA:2,1
DA:3,1
DA:4,1
DA:5,1
DA:6,1
DA:7,1
DA:9,1
DA:13,0
DA:14,0
DA:18,1
DA:22,0
DA:24,0
DA:25,0
DA:28,0
DA:31,0
DA:33,0
DA:34,0
DA:37,0
DA:41,0
DA:43,0
DA:44,0
DA:48,1
DA:52,0
DA:55,0
DA:57,0
DA:61,1
DA:65,0
DA:80,0
DA:84,1
DA:88,0
DA:92,0
DA:96,1
LF:33
LH:13
BRDA:24,0,0,0
BRDA:24,0,1,0
BRDA:33,1,0,0
BRDA:33,1,1,0
BRF:4
BRH:0
end_of_record
TN:
SF:routes/rentalRoutes/rentalRoutes.js
FN:12,(anonymous_0)
FN:20,(anonymous_1)
FN:33,(anonymous_2)
FN:47,(anonymous_3)
FNF:4
FNH:0
FNDA:0,(anonymous_0)
FNDA:0,(anonymous_1)
FNDA:0,(anonymous_2)
FNDA:0,(anonymous_3)
DA:1,1
DA:2,1
DA:3,1
DA:4,1
DA:5,1
DA:6,1
DA:7,1
DA:9,1
DA:13,0
DA:14,0
DA:17,1
DA:21,0
DA:27,0
DA:30,1
DA:34,0
DA:35,0
DA:39,0
DA:40,0
DA:44,1
DA:48,0
DA:51,0
DA:54,1
LF:22
LH:12
BRF:0
BRH:0
end_of_record
TN:
SF:routes/userRoutes/userRoutes.js
FN:13,(anonymous_0)
FN:43,(anonymous_1)
FN:51,(anonymous_2)
FN:61,(anonymous_3)
FNF:4
FNH:0
FNDA:0,(anonymous_0)
FNDA:0,(anonymous_1)
FNDA:0,(anonymous_2)
FNDA:0,(anonymous_3)
DA:1,1
DA:2,1
DA:3,1
DA:4,1
DA:5,1
DA:6,1
DA:7,1
DA:8,1
DA:9,1
DA:11,1
DA:15,0
DA:16,0
DA:17,0
DA:20,0
DA:24,0
DA:25,0
DA:27,0
DA:28,0
DA:29,0
DA:30,0
DA:32,0
DA:33,0
DA:34,0
DA:40,1
DA:44,0
DA:45,0
DA:48,1
DA:52,0
DA:55,0
DA:58,1
DA:62,0
DA:65,0
DA:69,1
LF:33
LH:14
BRDA:16,0,0,0
BRDA:16,0,1,0
BRDA:24,1,0,0
BRDA:24,1,1,0
BRF:4
BRH:0
end_of_record
TN:
SF:utils/rentDates.js
FN:1,calculateDays
FNF:1
FNH:0
FNDA:0,calculateDays
DA:3,0
DA:4,0
DA:5,0
DA:8,0
DA:9,0
DA:12,0
DA:13,0
DA:15,0
DA:18,0
DA:21,0
DA:23,0
DA:26,1
LF:12
LH:1
BRF:0
BRH:0
end_of_record
